<?xml version="1.0" encoding="UTF-8"?>
<robot generator="Robot 6.0.2 (Python 3.9.13 on win32)" generated="20230208 10:53:43.086" rpa="false" schemaversion="3">
<suite id="s1" name="2 validTest" source="C:\Users\40032464\PycharmProjects\New_project\1_login_suite\2_validTest.robot">
<test id="s1-t1" name="TC1" line="12">
<kw name="Launch Browser and Navigate To Url" library="common_functionalites" type="SETUP">
<kw name="Open Browser" library="SeleniumLibrary">
<arg>browser=${BROWSER_NAME}</arg>
<doc>Opens a new browser instance to the optional ``url``.</doc>
<msg timestamp="20230208 10:53:44.283" level="INFO">Opening browser 'chrome' to base url 'None'.</msg>
<status status="PASS" starttime="20230208 10:53:44.283" endtime="20230208 10:53:46.156"/>
</kw>
<kw name="Maximize Browser Window" library="SeleniumLibrary">
<doc>Maximizes current browser window.</doc>
<status status="PASS" starttime="20230208 10:53:46.157" endtime="20230208 10:53:46.287"/>
</kw>
<kw name="Set Selenium Implicit Wait" library="SeleniumLibrary">
<arg>30s</arg>
<doc>Sets the implicit wait value used by Selenium.</doc>
<status status="PASS" starttime="20230208 10:53:46.287" endtime="20230208 10:53:46.290"/>
</kw>
<kw name="Go To" library="SeleniumLibrary">
<arg>url=${URL}</arg>
<doc>Navigates the current browser window to the provided ``url``.</doc>
<msg timestamp="20230208 10:53:46.291" level="INFO">Opening url 'https://justintime.in'</msg>
<status status="PASS" starttime="20230208 10:53:46.290" endtime="20230208 10:53:55.800"/>
</kw>
<status status="PASS" starttime="20230208 10:53:44.262" endtime="20230208 10:53:55.801"/>
</kw>
<kw name="valid login template">
<arg>rupe18ec105@rmkcet.ac.in</arg>
<arg>Rupesh0412@</arg>
<arg>New Arrivals</arg>
<kw name="Click Element" library="SeleniumLibrary">
<arg>xpath=//div[@class='custom-icon custom-customer']</arg>
<doc>Click the element identified by ``locator``.</doc>
<msg timestamp="20230208 10:53:55.805" level="INFO">Clicking element 'xpath=//div[@class='custom-icon custom-customer']'.</msg>
<status status="PASS" starttime="20230208 10:53:55.804" endtime="20230208 10:53:55.883"/>
</kw>
<kw name="Click Element" library="SeleniumLibrary">
<arg>xpath=//a[normalize-space()='Sign In']</arg>
<doc>Click the element identified by ``locator``.</doc>
<msg timestamp="20230208 10:53:55.884" level="INFO">Clicking element 'xpath=//a[normalize-space()='Sign In']'.</msg>
<status status="PASS" starttime="20230208 10:53:55.884" endtime="20230208 10:53:57.234"/>
</kw>
<kw name="Input Text" library="SeleniumLibrary">
<arg>id:email</arg>
<arg>${username}</arg>
<doc>Types the given ``text`` into the text field identified by ``locator``.</doc>
<msg timestamp="20230208 10:53:57.235" level="INFO">Typing text 'rupe18ec105@rmkcet.ac.in' into text field 'id:email'.</msg>
<status status="PASS" starttime="20230208 10:53:57.234" endtime="20230208 10:53:57.564"/>
</kw>
<kw name="Input Password" library="SeleniumLibrary">
<arg>id=pass</arg>
<arg>${password}</arg>
<doc>Types the given password into the text field identified by ``locator``.</doc>
<msg timestamp="20230208 10:53:57.567" level="INFO">Typing password into text field 'id=pass'.</msg>
<msg timestamp="20230208 10:53:57.625" level="INFO">Temporally setting log level to: NONE</msg>
<msg timestamp="20230208 10:53:57.742" level="INFO">Log level changed from NONE to INFO.</msg>
<status status="PASS" starttime="20230208 10:53:57.565" endtime="20230208 10:53:57.742"/>
</kw>
<kw name="Click Element" library="SeleniumLibrary">
<arg>xpath=//span[normalize-space()='Sign In']</arg>
<doc>Click the element identified by ``locator``.</doc>
<msg timestamp="20230208 10:53:57.744" level="INFO">Clicking element 'xpath=//span[normalize-space()='Sign In']'.</msg>
<status status="PASS" starttime="20230208 10:53:57.743" endtime="20230208 10:53:59.313"/>
</kw>
<kw name="Click Element" library="SeleniumLibrary">
<arg>xpath=//span[normalize-space()='New Arrivals']</arg>
<doc>Click the element identified by ``locator``.</doc>
<msg timestamp="20230208 10:53:59.313" level="INFO">Clicking element 'xpath=//span[normalize-space()='New Arrivals']'.</msg>
<status status="PASS" starttime="20230208 10:53:59.313" endtime="20230208 10:54:03.104"/>
</kw>
<kw name="Element Should Contain" library="SeleniumLibrary">
<arg>xpath=//span[contains(@class,'base')]</arg>
<arg>${expected_Header}</arg>
<doc>Verifies that element ``locator`` contains text ``expected``.</doc>
<msg timestamp="20230208 10:54:03.141" level="INFO">Element 'xpath=//span[contains(@class,'base')]' contains text 'New Arrivals'.</msg>
<status status="PASS" starttime="20230208 10:54:03.104" endtime="20230208 10:54:03.141"/>
</kw>
<status status="PASS" starttime="20230208 10:53:55.802" endtime="20230208 10:54:03.142"/>
</kw>
<kw name="Close Browser" library="SeleniumLibrary" type="TEARDOWN">
<doc>Closes the current browser.</doc>
<status status="PASS" starttime="20230208 10:54:03.142" endtime="20230208 10:54:05.403"/>
</kw>
<status status="PASS" starttime="20230208 10:53:44.261" endtime="20230208 10:54:05.404"/>
</test>
<test id="s1-t2" name="TC1" line="12">
<kw name="Launch Browser and Navigate To Url" library="common_functionalites" type="SETUP">
<kw name="Open Browser" library="SeleniumLibrary">
<arg>browser=${BROWSER_NAME}</arg>
<doc>Opens a new browser instance to the optional ``url``.</doc>
<msg timestamp="20230208 10:54:05.411" level="INFO">Opening browser 'chrome' to base url 'None'.</msg>
<status status="PASS" starttime="20230208 10:54:05.410" endtime="20230208 10:54:07.018"/>
</kw>
<kw name="Maximize Browser Window" library="SeleniumLibrary">
<doc>Maximizes current browser window.</doc>
<status status="PASS" starttime="20230208 10:54:07.019" endtime="20230208 10:54:07.144"/>
</kw>
<kw name="Set Selenium Implicit Wait" library="SeleniumLibrary">
<arg>30s</arg>
<doc>Sets the implicit wait value used by Selenium.</doc>
<status status="PASS" starttime="20230208 10:54:07.145" endtime="20230208 10:54:07.151"/>
</kw>
<kw name="Go To" library="SeleniumLibrary">
<arg>url=${URL}</arg>
<doc>Navigates the current browser window to the provided ``url``.</doc>
<msg timestamp="20230208 10:54:07.153" level="INFO">Opening url 'https://justintime.in'</msg>
<status status="PASS" starttime="20230208 10:54:07.151" endtime="20230208 10:54:16.431"/>
</kw>
<status status="PASS" starttime="20230208 10:54:05.409" endtime="20230208 10:54:16.431"/>
</kw>
<kw name="valid login template">
<arg>Rupe18ec105@rmkcet.ac.in</arg>
<arg>Rupesh0412@</arg>
<arg>New Arrivals</arg>
<kw name="Click Element" library="SeleniumLibrary">
<arg>xpath=//div[@class='custom-icon custom-customer']</arg>
<doc>Click the element identified by ``locator``.</doc>
<msg timestamp="20230208 10:54:16.434" level="INFO">Clicking element 'xpath=//div[@class='custom-icon custom-customer']'.</msg>
<status status="PASS" starttime="20230208 10:54:16.433" endtime="20230208 10:54:16.515"/>
</kw>
<kw name="Click Element" library="SeleniumLibrary">
<arg>xpath=//a[normalize-space()='Sign In']</arg>
<doc>Click the element identified by ``locator``.</doc>
<msg timestamp="20230208 10:54:16.517" level="INFO">Clicking element 'xpath=//a[normalize-space()='Sign In']'.</msg>
<status status="PASS" starttime="20230208 10:54:16.516" endtime="20230208 10:54:17.745"/>
</kw>
<kw name="Input Text" library="SeleniumLibrary">
<arg>id:email</arg>
<arg>${username}</arg>
<doc>Types the given ``text`` into the text field identified by ``locator``.</doc>
<msg timestamp="20230208 10:54:17.747" level="INFO">Typing text 'Rupe18ec105@rmkcet.ac.in' into text field 'id:email'.</msg>
<status status="PASS" starttime="20230208 10:54:17.746" endtime="20230208 10:54:18.091"/>
</kw>
<kw name="Input Password" library="SeleniumLibrary">
<arg>id=pass</arg>
<arg>${password}</arg>
<doc>Types the given password into the text field identified by ``locator``.</doc>
<msg timestamp="20230208 10:54:18.093" level="INFO">Typing password into text field 'id=pass'.</msg>
<msg timestamp="20230208 10:54:18.142" level="INFO">Temporally setting log level to: NONE</msg>
<msg timestamp="20230208 10:54:18.226" level="INFO">Log level changed from NONE to INFO.</msg>
<status status="PASS" starttime="20230208 10:54:18.092" endtime="20230208 10:54:18.226"/>
</kw>
<kw name="Click Element" library="SeleniumLibrary">
<arg>xpath=//span[normalize-space()='Sign In']</arg>
<doc>Click the element identified by ``locator``.</doc>
<msg timestamp="20230208 10:54:18.228" level="INFO">Clicking element 'xpath=//span[normalize-space()='Sign In']'.</msg>
<status status="PASS" starttime="20230208 10:54:18.226" endtime="20230208 10:54:19.954"/>
</kw>
<kw name="Click Element" library="SeleniumLibrary">
<arg>xpath=//span[normalize-space()='New Arrivals']</arg>
<doc>Click the element identified by ``locator``.</doc>
<msg timestamp="20230208 10:54:19.956" level="INFO">Clicking element 'xpath=//span[normalize-space()='New Arrivals']'.</msg>
<status status="PASS" starttime="20230208 10:54:19.955" endtime="20230208 10:54:23.807"/>
</kw>
<kw name="Element Should Contain" library="SeleniumLibrary">
<arg>xpath=//span[contains(@class,'base')]</arg>
<arg>${expected_Header}</arg>
<doc>Verifies that element ``locator`` contains text ``expected``.</doc>
<msg timestamp="20230208 10:54:23.841" level="INFO">Element 'xpath=//span[contains(@class,'base')]' contains text 'New Arrivals'.</msg>
<status status="PASS" starttime="20230208 10:54:23.808" endtime="20230208 10:54:23.841"/>
</kw>
<status status="PASS" starttime="20230208 10:54:16.432" endtime="20230208 10:54:23.842"/>
</kw>
<kw name="Close Browser" library="SeleniumLibrary" type="TEARDOWN">
<doc>Closes the current browser.</doc>
<status status="PASS" starttime="20230208 10:54:23.842" endtime="20230208 10:54:26.095"/>
</kw>
<status status="PASS" starttime="20230208 10:54:05.406" endtime="20230208 10:54:26.096"/>
</test>
<doc>This file contains test cases related to valid login</doc>
<status status="PASS" starttime="20230208 10:53:43.090" endtime="20230208 10:54:26.099"/>
</suite>
<statistics>
<total>
<stat pass="2" fail="0" skip="0">All Tests</stat>
</total>
<tag>
</tag>
<suite>
<stat pass="2" fail="0" skip="0" id="s1" name="2 validTest">2 validTest</stat>
</suite>
</statistics>
<errors>
<msg timestamp="20230208 10:54:05.406" level="WARN">Multiple tests with name 'TC1' executed in suite '2 validTest'.</msg>
</errors>
</robot>
