<?xml version="1.0" encoding="UTF-8"?>
<robot generator="Robot 6.0.2 (Python 3.9.13 on win32)" generated="20230131 15:57:18.500" rpa="false" schemaversion="3">
<suite id="s1" name="1 Original" source="C:\Users\40032464\PycharmProjects\new\2_originalsuite\1_original.robot">
<test id="s1-t1" name="TC_${test_case}" line="12">
<kw name="Launch Browser and Navigate To Url" library="common_functionalites" type="SETUP">
<kw name="Open Browser" library="SeleniumLibrary">
<arg>browser=${BROWSER_NAME}</arg>
<doc>Opens a new browser instance to the optional ``url``.</doc>
<msg timestamp="20230131 15:57:20.057" level="INFO">Opening browser 'chrome' to base url 'None'.</msg>
<status status="PASS" starttime="20230131 15:57:20.056" endtime="20230131 15:57:22.423"/>
</kw>
<kw name="Maximize Browser Window" library="SeleniumLibrary">
<doc>Maximizes current browser window.</doc>
<status status="PASS" starttime="20230131 15:57:22.423" endtime="20230131 15:57:22.553"/>
</kw>
<kw name="Set Selenium Implicit Wait" library="SeleniumLibrary">
<arg>30s</arg>
<doc>Sets the implicit wait value used by Selenium.</doc>
<status status="PASS" starttime="20230131 15:57:22.554" endtime="20230131 15:57:22.560"/>
</kw>
<kw name="Go To" library="SeleniumLibrary">
<arg>url=${URL}</arg>
<doc>Navigates the current browser window to the provided ``url``.</doc>
<msg timestamp="20230131 15:57:22.563" level="INFO">Opening url 'https://justintime.in'</msg>
<status status="PASS" starttime="20230131 15:57:22.562" endtime="20230131 15:57:36.565"/>
</kw>
<status status="PASS" starttime="20230131 15:57:20.022" endtime="20230131 15:57:36.567"/>
</kw>
<kw name="Add Valid Employee Template">
<arg>rupe18ec105@rmkcet.ac.in</arg>
<arg>Rupesh0412@</arg>
<arg>no:43/292b raji</arg>
<arg>puram trl</arg>
<arg>vadodara</arg>
<arg>602001</arg>
<arg>9944504518</arg>
<arg>THIS IS A REQUIRED FIELD.</arg>
<kw name="Click Element" library="SeleniumLibrary">
<arg>xpath=//div[@class='custom-icon custom-customer']</arg>
<doc>Click the element identified by ``locator``.</doc>
<msg timestamp="20230131 15:57:36.572" level="INFO">Clicking element 'xpath=//div[@class='custom-icon custom-customer']'.</msg>
<status status="PASS" starttime="20230131 15:57:36.570" endtime="20230131 15:57:36.676"/>
</kw>
<kw name="Click Element" library="SeleniumLibrary">
<arg>xpath=//a[normalize-space()='Sign In']</arg>
<doc>Click the element identified by ``locator``.</doc>
<msg timestamp="20230131 15:57:36.680" level="INFO">Clicking element 'xpath=//a[normalize-space()='Sign In']'.</msg>
<status status="PASS" starttime="20230131 15:57:36.677" endtime="20230131 15:57:38.293"/>
</kw>
<kw name="Click Element" library="SeleniumLibrary">
<arg>xpath=//input[@id='email']</arg>
<doc>Click the element identified by ``locator``.</doc>
<msg timestamp="20230131 15:57:38.295" level="INFO">Clicking element 'xpath=//input[@id='email']'.</msg>
<status status="PASS" starttime="20230131 15:57:38.294" endtime="20230131 15:57:38.612"/>
</kw>
<kw name="Input Text" library="SeleniumLibrary">
<arg>id:email</arg>
<arg>${username}</arg>
<doc>Types the given ``text`` into the text field identified by ``locator``.</doc>
<msg timestamp="20230131 15:57:38.614" level="INFO">Typing text 'rupe18ec105@rmkcet.ac.in' into text field 'id:email'.</msg>
<status status="PASS" starttime="20230131 15:57:38.612" endtime="20230131 15:57:38.858"/>
</kw>
<kw name="Click Element" library="SeleniumLibrary">
<arg>xpath=//input[@id='pass']</arg>
<doc>Click the element identified by ``locator``.</doc>
<msg timestamp="20230131 15:57:38.860" level="INFO">Clicking element 'xpath=//input[@id='pass']'.</msg>
<status status="PASS" starttime="20230131 15:57:38.859" endtime="20230131 15:57:38.938"/>
</kw>
<kw name="Input Password" library="SeleniumLibrary">
<arg>id=pass</arg>
<arg>${password}</arg>
<doc>Types the given password into the text field identified by ``locator``.</doc>
<msg timestamp="20230131 15:57:38.941" level="INFO">Typing password into text field 'id=pass'.</msg>
<msg timestamp="20230131 15:57:38.988" level="INFO">Temporally setting log level to: NONE</msg>
<msg timestamp="20230131 15:57:39.063" level="INFO">Log level changed from NONE to INFO.</msg>
<status status="PASS" starttime="20230131 15:57:38.939" endtime="20230131 15:57:39.063"/>
</kw>
<kw name="Click Element" library="SeleniumLibrary">
<arg>xpath=//span[normalize-space()='Sign In']</arg>
<doc>Click the element identified by ``locator``.</doc>
<msg timestamp="20230131 15:57:39.065" level="INFO">Clicking element 'xpath=//span[normalize-space()='Sign In']'.</msg>
<status status="PASS" starttime="20230131 15:57:39.064" endtime="20230131 15:57:42.347"/>
</kw>
<kw name="Click Element" library="SeleniumLibrary">
<arg>xpath=//span[normalize-space()='New Arrivals']</arg>
<doc>Click the element identified by ``locator``.</doc>
<msg timestamp="20230131 15:57:42.349" level="INFO">Clicking element 'xpath=//span[normalize-space()='New Arrivals']'.</msg>
<status status="PASS" starttime="20230131 15:57:42.348" endtime="20230131 15:57:58.843"/>
</kw>
<kw name="Click Element" library="SeleniumLibrary">
<arg>xpath=//*[@id="html-body"]/div[4]/div[1]/div/div/div/div/div[3]/div[2]/div/a</arg>
<doc>Click the element identified by ``locator``.</doc>
<msg timestamp="20230131 15:57:58.846" level="INFO">Clicking element 'xpath=//*[@id="html-body"]/div[4]/div[1]/div/div/div/div/div[3]/div[2]/div/a'.</msg>
<status status="PASS" starttime="20230131 15:57:58.844" endtime="20230131 15:57:58.987"/>
</kw>
<kw name="Mouse Over" library="SeleniumLibrary">
<arg>xpath=//span[text()='Checkout']</arg>
<doc>Simulates hovering the mouse over the element ``locator``.</doc>
<msg timestamp="20230131 15:57:58.989" level="INFO">Simulating Mouse Over on element 'xpath=//span[text()='Checkout']'.</msg>
<status status="PASS" starttime="20230131 15:57:58.988" endtime="20230131 15:57:59.308"/>
</kw>
<kw name="Click Element" library="SeleniumLibrary">
<arg>xpath=//span[normalize-space()='Checkout']</arg>
<doc>Click the element identified by ``locator``.</doc>
<msg timestamp="20230131 15:57:59.311" level="INFO">Clicking element 'xpath=//span[normalize-space()='Checkout']'.</msg>
<status status="PASS" starttime="20230131 15:57:59.309" endtime="20230131 15:58:01.289"/>
</kw>
<kw name="Click Element" library="SeleniumLibrary">
<arg>xpath=(//input[@class='input-text'])[6]</arg>
<doc>Click the element identified by ``locator``.</doc>
<msg timestamp="20230131 15:58:01.290" level="INFO">Clicking element 'xpath=(//input[@class='input-text'])[6]'.</msg>
<status status="PASS" starttime="20230131 15:58:01.289" endtime="20230131 15:58:03.378"/>
</kw>
<kw name="Input Text" library="SeleniumLibrary">
<arg>xpath=(//input[@class='input-text'])[6]</arg>
<arg>${street1}</arg>
<doc>Types the given ``text`` into the text field identified by ``locator``.</doc>
<msg timestamp="20230131 15:58:03.381" level="INFO">Typing text 'no:43/292b raji' into text field 'xpath=(//input[@class='input-text'])[6]'.</msg>
<status status="PASS" starttime="20230131 15:58:03.379" endtime="20230131 15:58:03.744"/>
</kw>
<kw name="Click Element" library="SeleniumLibrary">
<arg>xpath=(//input[@class='input-text'])[7]</arg>
<doc>Click the element identified by ``locator``.</doc>
<msg timestamp="20230131 15:58:03.746" level="INFO">Clicking element 'xpath=(//input[@class='input-text'])[7]'.</msg>
<status status="PASS" starttime="20230131 15:58:03.745" endtime="20230131 15:58:03.815"/>
</kw>
<kw name="Input Text" library="SeleniumLibrary">
<arg>xpath=(//input[@class='input-text'])[7]</arg>
<arg>${street2}</arg>
<doc>Types the given ``text`` into the text field identified by ``locator``.</doc>
<msg timestamp="20230131 15:58:03.817" level="INFO">Typing text 'puram trl' into text field 'xpath=(//input[@class='input-text'])[7]'.</msg>
<status status="PASS" starttime="20230131 15:58:03.816" endtime="20230131 15:58:03.938"/>
</kw>
<kw name="Click Element" library="SeleniumLibrary">
<arg>xpath=(//input[@class='input-text'])[10]</arg>
<doc>Click the element identified by ``locator``.</doc>
<msg timestamp="20230131 15:58:03.940" level="INFO">Clicking element 'xpath=(//input[@class='input-text'])[10]'.</msg>
<status status="PASS" starttime="20230131 15:58:03.939" endtime="20230131 15:58:04.056"/>
</kw>
<kw name="Input Text" library="SeleniumLibrary">
<arg>xpath=(//input[@class='input-text'])[10]</arg>
<arg>${city}</arg>
<doc>Types the given ``text`` into the text field identified by ``locator``.</doc>
<msg timestamp="20230131 15:58:04.060" level="INFO">Typing text 'vadodara' into text field 'xpath=(//input[@class='input-text'])[10]'.</msg>
<status status="PASS" starttime="20230131 15:58:04.057" endtime="20230131 15:58:04.197"/>
</kw>
<kw name="Click Element" library="SeleniumLibrary">
<arg>xpath=(//input[@class='input-text'])[11]</arg>
<doc>Click the element identified by ``locator``.</doc>
<msg timestamp="20230131 15:58:04.198" level="INFO">Clicking element 'xpath=(//input[@class='input-text'])[11]'.</msg>
<status status="PASS" starttime="20230131 15:58:04.198" endtime="20230131 15:58:04.298"/>
</kw>
<kw name="Input Text" library="SeleniumLibrary">
<arg>xpath=(//input[@class='input-text'])[11]</arg>
<arg>${pincode}</arg>
<doc>Types the given ``text`` into the text field identified by ``locator``.</doc>
<msg timestamp="20230131 15:58:04.299" level="INFO">Typing text '602001' into text field 'xpath=(//input[@class='input-text'])[11]'.</msg>
<status status="PASS" starttime="20230131 15:58:04.298" endtime="20230131 15:58:04.413"/>
</kw>
<kw name="Click Element" library="SeleniumLibrary">
<arg>xpath=(//input[@class='input-text'])[12]</arg>
<doc>Click the element identified by ``locator``.</doc>
<msg timestamp="20230131 15:58:04.415" level="INFO">Clicking element 'xpath=(//input[@class='input-text'])[12]'.</msg>
<status status="PASS" starttime="20230131 15:58:04.413" endtime="20230131 15:58:04.513"/>
</kw>
<kw name="Input Text" library="SeleniumLibrary">
<arg>xpath=(//input[@class='input-text'])[12]</arg>
<arg>${mob}</arg>
<doc>Types the given ``text`` into the text field identified by ``locator``.</doc>
<msg timestamp="20230131 15:58:04.516" level="INFO">Typing text '9944504518' into text field 'xpath=(//input[@class='input-text'])[12]'.</msg>
<status status="PASS" starttime="20230131 15:58:04.515" endtime="20230131 15:58:04.669"/>
</kw>
<kw name="Click Element" library="SeleniumLibrary">
<arg>xpath=//button[@class='button action continue primary']</arg>
<doc>Click the element identified by ``locator``.</doc>
<msg timestamp="20230131 15:58:04.671" level="INFO">Clicking element 'xpath=//button[@class='button action continue primary']'.</msg>
<status status="PASS" starttime="20230131 15:58:04.670" endtime="20230131 15:58:04.820"/>
</kw>
<kw name="Element Should Contain" library="SeleniumLibrary">
<arg>xpath=//*[contains(text(),'This is a required field.')]</arg>
<arg>${expected_Line}</arg>
<doc>Verifies that element ``locator`` contains text ``expected``.</doc>
<msg timestamp="20230131 15:58:04.886" level="INFO">Element 'xpath=//*[contains(text(),'This is a required field.')]' contains text 'THIS IS A REQUIRED FIELD.'.</msg>
<status status="PASS" starttime="20230131 15:58:04.821" endtime="20230131 15:58:04.886"/>
</kw>
<status status="PASS" starttime="20230131 15:57:36.568" endtime="20230131 15:58:04.886"/>
</kw>
<kw name="Close Browser" library="SeleniumLibrary" type="TEARDOWN">
<doc>Closes the current browser.</doc>
<status status="PASS" starttime="20230131 15:58:04.887" endtime="20230131 15:58:07.399"/>
</kw>
<status status="PASS" starttime="20230131 15:57:20.019" endtime="20230131 15:58:07.399"/>
</test>
<doc>This file contains test cases related to employee
records</doc>
<status status="PASS" starttime="20230131 15:57:18.508" endtime="20230131 15:58:07.401"/>
</suite>
<statistics>
<total>
<stat pass="1" fail="0" skip="0">All Tests</stat>
</total>
<tag>
</tag>
<suite>
<stat pass="1" fail="0" skip="0" id="s1" name="1 Original">1 Original</stat>
</suite>
</statistics>
<errors>
</errors>
</robot>
